0 info it worked if it ends with ok
1 verbose cli [
1 verbose cli   'C:\\Program Files\\nodejs\\node.exe',
1 verbose cli   'C:\\Users\\PAPI SHEF\\AppData\\Roaming\\npm\\node_modules\\npm\\bin\\npm-cli.js',
1 verbose cli   'start'
1 verbose cli ]
2 info using npm@6.14.4
3 info using node@v12.13.1
4 verbose run-script [ 'prestart', 'start', 'poststart' ]
5 info lifecycle client@0.1.0~prestart: client@0.1.0
6 info lifecycle client@0.1.0~start: client@0.1.0
7 verbose lifecycle client@0.1.0~start: unsafe-perm in lifecycle true
8 verbose lifecycle client@0.1.0~start: PATH: C:\Users\PAPI SHEF\AppData\Roaming\npm\node_modules\npm\node_modules\npm-lifecycle\node-gyp-bin;C:\Users\PAPI SHEF\Desktop\Study Tools\Udemy Course\Web Development\know-me-app\client\node_modules\.bin;C:\Users\PAPI SHEF\bin;C:\Program Files\Git\mingw64\bin;C:\Program Files\Git\usr\local\bin;C:\Program Files\Git\usr\bin;C:\Program Files\Git\usr\bin;C:\Program Files\Git\cmd;C:\ProgramData\Oracle\Java\javapath;C:\WINDOWS\system32;C:\WINDOWS;C:\WINDOWS\System32\Wbem;C:\WINDOWS\System32\WindowsPowerShell\v1.0;C:\Program Files (x86)\QuickTime\QTSystem;C:\WINDOWS\System32\OpenSSH;C:\Program Files\Microsoft VS Code\bin;C:\Program Files\nodejs;C:\Program Files\Git\cmd;C:\Users\PAPI SHEF\.windows-build-tools\python27;C:\Users\PAPI SHEF\AppData\Local\Microsoft\WindowsApps;C:\Users\PAPI SHEF\AppData\Local\atom\bin;C:\Users\PAPI SHEF\AppData\Local\Microsoft\WindowsApps;C:\Users\PAPI SHEF\AppData\Local\hyper\app-3.0.2\resources\bin;C:\Users\PAPI SHEF\AppData\Roaming\npm;C:\Program Files\heroku\bin;C:\Users\PAPI SHEF\AppData\Local\GitHubDesktop\bin;C:\Program Files\Git\usr\bin\vendor_perl;C:\Program Files\Git\usr\bin\core_perl
9 verbose lifecycle client@0.1.0~start: CWD: C:\Users\PAPI SHEF\Desktop\Study Tools\Udemy Course\Web Development\know-me-app\client
10 silly lifecycle client@0.1.0~start: Args: [ '/d /s /c', 'react-scripts start' ]
11 silly lifecycle client@0.1.0~start: Returned: code: 1  signal: null
12 info lifecycle client@0.1.0~start: Failed to exec start script
13 verbose stack Error: client@0.1.0 start: `react-scripts start`
13 verbose stack Exit status 1
13 verbose stack     at EventEmitter.<anonymous> (C:\Users\PAPI SHEF\AppData\Roaming\npm\node_modules\npm\node_modules\npm-lifecycle\index.js:332:16)
13 verbose stack     at EventEmitter.emit (events.js:210:5)
13 verbose stack     at ChildProcess.<anonymous> (C:\Users\PAPI SHEF\AppData\Roaming\npm\node_modules\npm\node_modules\npm-lifecycle\lib\spawn.js:55:14)
13 verbose stack     at ChildProcess.emit (events.js:210:5)
13 verbose stack     at maybeClose (internal/child_process.js:1021:16)
13 verbose stack     at Process.ChildProcess._handle.onexit (internal/child_process.js:283:5)
14 verbose pkgid client@0.1.0
15 verbose cwd C:\Users\PAPI SHEF\Desktop\Study Tools\Udemy Course\Web Development\know-me-app\client
16 verbose Windows_NT 10.0.18362
17 verbose argv "C:\\Program Files\\nodejs\\node.exe" "C:\\Users\\PAPI SHEF\\AppData\\Roaming\\npm\\node_modules\\npm\\bin\\npm-cli.js" "start"
18 verbose node v12.13.1
19 verbose npm  v6.14.4
20 error code ELIFECYCLE
21 error errno 1
22 error client@0.1.0 start: `react-scripts start`
22 error Exit status 1
23 error Failed at the client@0.1.0 start script.
23 error This is probably not a problem with npm. There is likely additional logging output above.
24 verbose exit [ 1, true ]
