0 info it worked if it ends with ok
1 verbose cli [
1 verbose cli   'C:\\Program Files\\nodejs\\node.exe',
1 verbose cli   'C:\\Users\\PAPI SHEF\\AppData\\Roaming\\npm\\node_modules\\npm\\bin\\npm-cli.js',
1 verbose cli   'run',
1 verbose cli   'watch'
1 verbose cli ]
2 info using npm@6.14.4
3 info using node@v12.13.1
4 verbose config Skipping project config: C:\Users\PAPI SHEF/.npmrc. (matches userconfig)
5 verbose stack Error: ENOENT: no such file or directory, open 'C:\Users\PAPI SHEF\package.json'
6 verbose cwd C:\Users\PAPI SHEF\Desktop\Study Tools\Udemy Course\Web Development\know-me-app
7 verbose Windows_NT 10.0.18362
8 verbose argv "C:\\Program Files\\nodejs\\node.exe" "C:\\Users\\PAPI SHEF\\AppData\\Roaming\\npm\\node_modules\\npm\\bin\\npm-cli.js" "run" "watch"
9 verbose node v12.13.1
10 verbose npm  v6.14.4
11 error code ENOENT
12 error syscall open
13 error path C:\Users\PAPI SHEF\package.json
14 error errno -4058
15 error enoent ENOENT: no such file or directory, open 'C:\Users\PAPI SHEF\package.json'
16 error enoent This is related to npm not being able to find a file.
17 verbose exit [ -4058, true ]
